# JRE version: OpenJDK Runtime Environment (8.0_242-b01) (build 1.8.0_242-release-1644-b01)
# Java VM: OpenJDK 64-Bit Server VM (25.242-b01 mixed mode windows-amd64 compressed oops)
Heap:
 PSYoungGen      total 425472K, used 330206K [0x00000000d5580000, 0x00000000f8080000, 0x0000000100000000)
  eden space 336384K, 82% used [0x00000000d5580000,0x00000000e65a2188,0x00000000e9e00000)
  from space 89088K, 57% used [0x00000000e9e00000,0x00000000ed0557e8,0x00000000ef500000)
  to   space 91648K, 0% used [0x00000000f2700000,0x00000000f2700000,0x00000000f8080000)
 ParOldGen       total 325632K, used 208761K [0x0000000080000000, 0x0000000093e00000, 0x00000000d5580000)
  object space 325632K, 64% used [0x0000000080000000,0x000000008cbde4d8,0x0000000093e00000)
 Metaspace       used 83276K, capacity 87320K, committed 87640K, reserved 1124352K
  class space    used 11308K, capacity 12053K, committed 12160K, reserved 1048576K
GC Heap History (10 events):
Event: 78.391 GC heap before
{Heap before GC invocations=20 (full 3):
 PSYoungGen      total 317440K, used 314454K [0x00000000d5580000, 0x00000000ea880000, 0x0000000100000000)
  eden space 301056K, 100% used [0x00000000d5580000,0x00000000e7b80000,0x00000000e7b80000)
  from space 16384K, 81% used [0x00000000e9880000,0x00000000ea5958a8,0x00000000ea880000)
  to   space 23040K, 0% used [0x00000000e7b80000,0x00000000e7b80000,0x00000000e9200000)
 ParOldGen       total 93184K, used 51384K [0x0000000080000000, 0x0000000085b00000, 0x00000000d5580000)
  object space 93184K, 55% used [0x0000000080000000,0x000000008322e110,0x0000000085b00000)
 Metaspace       used 73048K, capacity 76396K, committed 76632K, reserved 1116160K
  class space    used 9964K, capacity 10610K, committed 10624K, reserved 1048576K
Event: 78.466 GC heap after
Heap after GC invocations=20 (full 3):
 PSYoungGen      total 324096K, used 23020K [0x00000000d5580000, 0x00000000f2380000, 0x0000000100000000)
  eden space 301056K, 0% used [0x00000000d5580000,0x00000000d5580000,0x00000000e7b80000)
  from space 23040K, 99% used [0x00000000e7b80000,0x00000000e91fb078,0x00000000e9200000)
  to   space 47616K, 0% used [0x00000000ef500000,0x00000000ef500000,0x00000000f2380000)
 ParOldGen       total 108032K, used 107791K [0x0000000080000000, 0x0000000086980000, 0x00000000d5580000)
  object space 108032K, 99% used [0x0000000080000000,0x0000000086943ee8,0x0000000086980000)
 Metaspace       used 73048K, capacity 76396K, committed 76632K, reserved 1116160K
  class space    used 9964K, capacity 10610K, committed 10624K, reserved 1048576K
}
Event: 78.466 GC heap before
{Heap before GC invocations=21 (full 4):
 PSYoungGen      total 324096K, used 23020K [0x00000000d5580000, 0x00000000f2380000, 0x0000000100000000)
  eden space 301056K, 0% used [0x00000000d5580000,0x00000000d5580000,0x00000000e7b80000)
  from space 23040K, 99% used [0x00000000e7b80000,0x00000000e91fb078,0x00000000e9200000)
  to   space 47616K, 0% used [0x00000000ef500000,0x00000000ef500000,0x00000000f2380000)
 ParOldGen       total 108032K, used 107791K [0x0000000080000000, 0x0000000086980000, 0x00000000d5580000)
  object space 108032K, 99% used [0x0000000080000000,0x0000000086943ee8,0x0000000086980000)
 Metaspace       used 73048K, capacity 76396K, committed 76632K, reserved 1116160K
  class space    used 9964K, capacity 10610K, committed 10624K, reserved 1048576K
Event: 79.010 GC heap after
Heap after GC invocations=21 (full 4):
 PSYoungGen      total 324096K, used 14239K [0x00000000d5580000, 0x00000000f2380000, 0x0000000100000000)
  eden space 301056K, 0% used [0x00000000d5580000,0x00000000d5580000,0x00000000e7b80000)
  from space 23040K, 61% used [0x00000000e7b80000,0x00000000e8967d58,0x00000000e9200000)
  to   space 47616K, 0% used [0x00000000ef500000,0x00000000ef500000,0x00000000f2380000)
 ParOldGen       total 194048K, used 107829K [0x0000000080000000, 0x000000008bd80000, 0x00000000d5580000)
  object space 194048K, 55% used [0x0000000080000000,0x000000008694d600,0x000000008bd80000)
 Metaspace       used 73035K, capacity 76358K, committed 76632K, reserved 1116160K
  class space    used 9960K, capacity 10603K, committed 10624K, reserved 1048576K
}
Event: 84.136 GC heap before
{Heap before GC invocations=22 (full 4):
 PSYoungGen      total 324096K, used 315295K [0x00000000d5580000, 0x00000000f2380000, 0x0000000100000000)
  eden space 301056K, 100% used [0x00000000d5580000,0x00000000e7b80000,0x00000000e7b80000)
  from space 23040K, 61% used [0x00000000e7b80000,0x00000000e8967d58,0x00000000e9200000)
  to   space 47616K, 0% used [0x00000000ef500000,0x00000000ef500000,0x00000000f2380000)
 ParOldGen       total 194048K, used 107829K [0x0000000080000000, 0x000000008bd80000, 0x00000000d5580000)
  object space 194048K, 55% used [0x0000000080000000,0x000000008694d600,0x000000008bd80000)
 Metaspace       used 76749K, capacity 80510K, committed 80728K, reserved 1118208K
  class space    used 10572K, capacity 11305K, committed 11392K, reserved 1048576K
Event: 84.387 GC heap after
Heap after GC invocations=22 (full 4):
 PSYoungGen      total 384000K, used 47615K [0x00000000d5580000, 0x00000000f7980000, 0x0000000100000000)
  eden space 336384K, 0% used [0x00000000d5580000,0x00000000d5580000,0x00000000e9e00000)
  from space 47616K, 99% used [0x00000000ef500000,0x00000000f237fed8,0x00000000f2380000)
  to   space 89088K, 0% used [0x00000000e9e00000,0x00000000e9e00000,0x00000000ef500000)
 ParOldGen       total 198144K, used 197961K [0x0000000080000000, 0x000000008c180000, 0x00000000d5580000)
  object space 198144K, 99% used [0x0000000080000000,0x000000008c152620,0x000000008c180000)
 Metaspace       used 76749K, capacity 80510K, committed 80728K, reserved 1118208K
  class space    used 10572K, capacity 11305K, committed 11392K, reserved 1048576K
}
Event: 84.387 GC heap before
{Heap before GC invocations=23 (full 5):
 PSYoungGen      total 384000K, used 47615K [0x00000000d5580000, 0x00000000f7980000, 0x0000000100000000)
  eden space 336384K, 0% used [0x00000000d5580000,0x00000000d5580000,0x00000000e9e00000)
  from space 47616K, 99% used [0x00000000ef500000,0x00000000f237fed8,0x00000000f2380000)
  to   space 89088K, 0% used [0x00000000e9e00000,0x00000000e9e00000,0x00000000ef500000)
 ParOldGen       total 198144K, used 197961K [0x0000000080000000, 0x000000008c180000, 0x00000000d5580000)
  object space 198144K, 99% used [0x0000000080000000,0x000000008c152620,0x000000008c180000)
 Metaspace       used 76749K, capacity 80510K, committed 80728K, reserved 1118208K
  class space    used 10572K, capacity 11305K, committed 11392K, reserved 1048576K
Event: 85.517 GC heap after
Heap after GC invocations=23 (full 5):
 PSYoungGen      total 384000K, used 10662K [0x00000000d5580000, 0x00000000f7980000, 0x0000000100000000)
  eden space 336384K, 0% used [0x00000000d5580000,0x00000000d5580000,0x00000000e9e00000)
  from space 47616K, 22% used [0x00000000ef500000,0x00000000eff698f0,0x00000000f2380000)
  to   space 89088K, 0% used [0x00000000e9e00000,0x00000000e9e00000,0x00000000ef500000)
 ParOldGen       total 325632K, used 198022K [0x0000000080000000, 0x0000000093e00000, 0x00000000d5580000)
  object space 325632K, 60% used [0x0000000080000000,0x000000008c161ac8,0x0000000093e00000)
 Metaspace       used 76682K, capacity 80316K, committed 80728K, reserved 1118208K
  class space    used 10549K, capacity 11264K, committed 11392K, reserved 1048576K
}
Event: 88.609 GC heap before
{Heap before GC invocations=24 (full 5):
 PSYoungGen      total 384000K, used 345229K [0x00000000d5580000, 0x00000000f7980000, 0x0000000100000000)
  eden space 336384K, 99% used [0x00000000d5580000,0x00000000e9c39e10,0x00000000e9e00000)
  from space 47616K, 22% used [0x00000000ef500000,0x00000000eff698f0,0x00000000f2380000)
  to   space 89088K, 0% used [0x00000000e9e00000,0x00000000e9e00000,0x00000000ef500000)
 ParOldGen       total 325632K, used 198022K [0x0000000080000000, 0x0000000093e00000, 0x00000000d5580000)
  object space 325632K, 60% used [0x0000000080000000,0x000000008c161ac8,0x0000000093e00000)
 Metaspace       used 77214K, capacity 80900K, committed 80984K, reserved 1118208K
  class space    used 10598K, capacity 11324K, committed 11392K, reserved 1048576K
Event: 88.709 GC heap after
Heap after GC invocations=24 (full 5):
 PSYoungGen      total 425472K, used 51541K [0x00000000d5580000, 0x00000000f8080000, 0x0000000100000000)
  eden space 336384K, 0% used [0x00000000d5580000,0x00000000d5580000,0x00000000e9e00000)
  from space 89088K, 57% used [0x00000000e9e00000,0x00000000ed0557e8,0x00000000ef500000)
  to   space 91648K, 0% used [0x00000000f2700000,0x00000000f2700000,0x00000000f8080000)
 ParOldGen       total 325632K, used 208761K [0x0000000080000000, 0x0000000093e00000, 0x00000000d5580000)
  object space 325632K, 64% used [0x0000000080000000,0x000000008cbde4d8,0x0000000093e00000)
 Metaspace       used 77214K, capacity 80900K, committed 80984K, reserved 1118208K
  class space    used 10598K, capacity 11324K, committed 11392K, reserved 1048576K
}

