# JRE version: OpenJDK Runtime Environment (8.0_242-b01) (build 1.8.0_242-release-1644-b01)
# Java VM: OpenJDK 64-Bit Server VM (25.242-b01 mixed mode windows-amd64 compressed oops)
Heap:
 PSYoungGen      total 361984K, used 213511K [0x00000000d5580000, 0x00000000eda80000, 0x0000000100000000)
  eden space 336384K, 61% used [0x00000000d5580000,0x00000000e1f55510,0x00000000e9e00000)
  from space 25600K, 26% used [0x00000000e9e00000,0x00000000ea4ac868,0x00000000eb700000)
  to   space 26112K, 0% used [0x00000000eb700000,0x00000000eb700000,0x00000000ed080000)
 ParOldGen       total 112640K, used 112545K [0x0000000080000000, 0x0000000086e00000, 0x00000000d5580000)
  object space 112640K, 99% used [0x0000000080000000,0x0000000086de8680,0x0000000086e00000)
 Metaspace       used 90965K, capacity 95716K, committed 97240K, reserved 1132544K
  class space    used 12096K, capacity 12958K, committed 13312K, reserved 1048576K
GC Heap History (10 events):
Event: 92.192 GC heap before
{Heap before GC invocations=21 (full 3):
 PSYoungGen      total 271872K, used 260822K [0x00000000d5580000, 0x00000000e9f80000, 0x0000000100000000)
  eden space 250368K, 100% used [0x00000000d5580000,0x00000000e4a00000,0x00000000e4a00000)
  from space 21504K, 48% used [0x00000000e4a00000,0x00000000e5435a10,0x00000000e5f00000)
  to   space 20992K, 0% used [0x00000000e8b00000,0x00000000e8b00000,0x00000000e9f80000)
 ParOldGen       total 98304K, used 55774K [0x0000000080000000, 0x0000000086000000, 0x00000000d5580000)
  object space 98304K, 56% used [0x0000000080000000,0x0000000083677a68,0x0000000086000000)
 Metaspace       used 79102K, capacity 82874K, committed 83032K, reserved 1120256K
  class space    used 10582K, capacity 11299K, committed 11392K, reserved 1048576K
Event: 92.226 GC heap after
Heap after GC invocations=21 (full 3):
 PSYoungGen      total 308736K, used 14773K [0x00000000d5580000, 0x00000000e9c00000, 0x0000000100000000)
  eden space 291328K, 0% used [0x00000000d5580000,0x00000000d5580000,0x00000000e7200000)
  from space 17408K, 84% used [0x00000000e8b00000,0x00000000e996d6f0,0x00000000e9c00000)
  to   space 21504K, 0% used [0x00000000e7200000,0x00000000e7200000,0x00000000e8700000)
 ParOldGen       total 98304K, used 55782K [0x0000000080000000, 0x0000000086000000, 0x00000000d5580000)
  object space 98304K, 56% used [0x0000000080000000,0x0000000083679a68,0x0000000086000000)
 Metaspace       used 79102K, capacity 82874K, committed 83032K, reserved 1120256K
  class space    used 10582K, capacity 11299K, committed 11392K, reserved 1048576K
}
Event: 100.429 GC heap before
{Heap before GC invocations=22 (full 3):
 PSYoungGen      total 308736K, used 306101K [0x00000000d5580000, 0x00000000e9c00000, 0x0000000100000000)
  eden space 291328K, 100% used [0x00000000d5580000,0x00000000e7200000,0x00000000e7200000)
  from space 17408K, 84% used [0x00000000e8b00000,0x00000000e996d6f0,0x00000000e9c00000)
  to   space 21504K, 0% used [0x00000000e7200000,0x00000000e7200000,0x00000000e8700000)
 ParOldGen       total 98304K, used 55782K [0x0000000080000000, 0x0000000086000000, 0x00000000d5580000)
  object space 98304K, 56% used [0x0000000080000000,0x0000000083679a68,0x0000000086000000)
 Metaspace       used 90080K, capacity 95400K, committed 95576K, reserved 1132544K
  class space    used 12173K, capacity 13172K, committed 13184K, reserved 1048576K
Event: 100.480 GC heap after
Heap after GC invocations=22 (full 3):
 PSYoungGen      total 312832K, used 21480K [0x00000000d5580000, 0x00000000ed080000, 0x0000000100000000)
  eden space 291328K, 0% used [0x00000000d5580000,0x00000000d5580000,0x00000000e7200000)
  from space 21504K, 99% used [0x00000000e7200000,0x00000000e86fa348,0x00000000e8700000)
  to   space 26112K, 0% used [0x00000000eb700000,0x00000000eb700000,0x00000000ed080000)
 ParOldGen       total 98304K, used 60116K [0x0000000080000000, 0x0000000086000000, 0x00000000d5580000)
  object space 98304K, 61% used [0x0000000080000000,0x0000000083ab5260,0x0000000086000000)
 Metaspace       used 90080K, capacity 95400K, committed 95576K, reserved 1132544K
  class space    used 12173K, capacity 13172K, committed 13184K, reserved 1048576K
}
Event: 101.817 GC heap before
{Heap before GC invocations=23 (full 3):
 PSYoungGen      total 312832K, used 312808K [0x00000000d5580000, 0x00000000ed080000, 0x0000000100000000)
  eden space 291328K, 100% used [0x00000000d5580000,0x00000000e7200000,0x00000000e7200000)
  from space 21504K, 99% used [0x00000000e7200000,0x00000000e86fa348,0x00000000e8700000)
  to   space 26112K, 0% used [0x00000000eb700000,0x00000000eb700000,0x00000000ed080000)
 ParOldGen       total 98304K, used 60116K [0x0000000080000000, 0x0000000086000000, 0x00000000d5580000)
  object space 98304K, 61% used [0x0000000080000000,0x0000000083ab5260,0x0000000086000000)
 Metaspace       used 90527K, capacity 95888K, committed 96216K, reserved 1132544K
  class space    used 12203K, capacity 13210K, committed 13312K, reserved 1048576K
Event: 101.859 GC heap after
Heap after GC invocations=23 (full 3):
 PSYoungGen      total 362496K, used 12947K [0x00000000d5580000, 0x00000000eda80000, 0x0000000100000000)
  eden space 336384K, 0% used [0x00000000d5580000,0x00000000d5580000,0x00000000e9e00000)
  from space 26112K, 49% used [0x00000000eb700000,0x00000000ec3a4c18,0x00000000ed080000)
  to   space 25600K, 0% used [0x00000000e9e00000,0x00000000e9e00000,0x00000000eb700000)
 ParOldGen       total 98304K, used 68503K [0x0000000080000000, 0x0000000086000000, 0x00000000d5580000)
  object space 98304K, 69% used [0x0000000080000000,0x00000000842e5d40,0x0000000086000000)
 Metaspace       used 90527K, capacity 95888K, committed 96216K, reserved 1132544K
  class space    used 12203K, capacity 13210K, committed 13312K, reserved 1048576K
}
Event: 106.200 GC heap before
{Heap before GC invocations=24 (full 3):
 PSYoungGen      total 362496K, used 349331K [0x00000000d5580000, 0x00000000eda80000, 0x0000000100000000)
  eden space 336384K, 100% used [0x00000000d5580000,0x00000000e9e00000,0x00000000e9e00000)
  from space 26112K, 49% used [0x00000000eb700000,0x00000000ec3a4c18,0x00000000ed080000)
  to   space 25600K, 0% used [0x00000000e9e00000,0x00000000e9e00000,0x00000000eb700000)
 ParOldGen       total 98304K, used 68503K [0x0000000080000000, 0x0000000086000000, 0x00000000d5580000)
  object space 98304K, 69% used [0x0000000080000000,0x00000000842e5d40,0x0000000086000000)
 Metaspace       used 91380K, capacity 96868K, committed 96984K, reserved 1132544K
  class space    used 12275K, capacity 13278K, committed 13312K, reserved 1048576K
Event: 106.609 GC heap after
Heap after GC invocations=24 (full 3):
 PSYoungGen      total 361984K, used 25581K [0x00000000d5580000, 0x00000000eda80000, 0x0000000100000000)
  eden space 336384K, 0% used [0x00000000d5580000,0x00000000d5580000,0x00000000e9e00000)
  from space 25600K, 99% used [0x00000000e9e00000,0x00000000eb6fb4b8,0x00000000eb700000)
  to   space 26112K, 0% used [0x00000000eb700000,0x00000000eb700000,0x00000000ed080000)
 ParOldGen       total 112640K, used 112268K [0x0000000080000000, 0x0000000086e00000, 0x00000000d5580000)
  object space 112640K, 99% used [0x0000000080000000,0x0000000086da3128,0x0000000086e00000)
 Metaspace       used 91380K, capacity 96868K, committed 96984K, reserved 1132544K
  class space    used 12275K, capacity 13278K, committed 13312K, reserved 1048576K
}
Event: 106.717 GC heap before
{Heap before GC invocations=25 (full 4):
 PSYoungGen      total 361984K, used 25581K [0x00000000d5580000, 0x00000000eda80000, 0x0000000100000000)
  eden space 336384K, 0% used [0x00000000d5580000,0x00000000d5580000,0x00000000e9e00000)
  from space 25600K, 99% used [0x00000000e9e00000,0x00000000eb6fb4b8,0x00000000eb700000)
  to   space 26112K, 0% used [0x00000000eb700000,0x00000000eb700000,0x00000000ed080000)
 ParOldGen       total 112640K, used 112268K [0x0000000080000000, 0x0000000086e00000, 0x00000000d5580000)
  object space 112640K, 99% used [0x0000000080000000,0x0000000086da3128,0x0000000086e00000)
 Metaspace       used 91380K, capacity 96868K, committed 96984K, reserved 1132544K
  class space    used 12275K, capacity 13278K, committed 13312K, reserved 1048576K
Event: 108.172 GC heap after
Heap after GC invocations=25 (full 4):
 PSYoungGen      total 361984K, used 6834K [0x00000000d5580000, 0x00000000eda80000, 0x0000000100000000)
  eden space 336384K, 0% used [0x00000000d5580000,0x00000000d5580000,0x00000000e9e00000)
  from space 25600K, 26% used [0x00000000e9e00000,0x00000000ea4ac868,0x00000000eb700000)
  to   space 26112K, 0% used [0x00000000eb700000,0x00000000eb700000,0x00000000ed080000)
 ParOldGen       total 112640K, used 112545K [0x0000000080000000, 0x0000000086e00000, 0x00000000d5580000)
  object space 112640K, 99% used [0x0000000080000000,0x0000000086de8680,0x0000000086e00000)
 Metaspace       used 90864K, capacity 95576K, committed 96984K, reserved 1132544K
  class space    used 12095K, capacity 12956K, committed 13312K, reserved 1048576K
}

